<?xml version="1.0" encoding="UTF-8"?>
<!-- Generated by org.testng.reporters.JUnitXMLReporter -->
<testsuite ignored="2" hostname="DCSaab-Laptop" failures="0" tests="1" name="Default test" time="20.394" errors="0" timestamp="2023-01-05T04:51:42 IST">
  <testcase classname="testlayerAMAZON.LogintestclassAMAZON" name="SignIn" time="15.766"/>
  <testcase classname="testlayerAMAZON.LogintestclassAMAZON" name="CreateAccount" time="0.0">
    <ignored/>
  </testcase> <!-- CreateAccount -->
  <testcase classname="testlayerAMAZON.LogintestclassAMAZON" name="Title" time="0.0">
    <ignored/>
  </testcase> <!-- Title -->
</testsuite> <!-- Default test -->
