<?xml version="1.0" encoding="UTF-8"?>
<testng-results ignored="2" total="3" passed="1" failed="0" skipped="0">
  <reporter-output>
  </reporter-output>
  <suite started-at="2023-01-05T04:51:22 IST" name="Default suite" finished-at="2023-01-05T04:51:42 IST" duration-ms="20394">
    <groups>
    </groups>
    <test started-at="2023-01-05T04:51:22 IST" name="Default test" finished-at="2023-01-05T04:51:42 IST" duration-ms="20394">
      <class name="testlayerAMAZON.LogintestclassAMAZON">
        <test-method is-config="true" signature="initsetup()[pri:0, instance:testlayerAMAZON.LogintestclassAMAZON@7ea9e1e2]" started-at="2023-01-05T04:51:22 IST" name="initsetup" finished-at="2023-01-05T04:51:26 IST" duration-ms="4555" status="PASS">
          <reporter-output>
          </reporter-output>
        </test-method> <!-- initsetup -->
        <test-method signature="SignIn()[pri:3, instance:testlayerAMAZON.LogintestclassAMAZON@7ea9e1e2]" started-at="2023-01-05T04:51:26 IST" name="SignIn" finished-at="2023-01-05T04:51:42 IST" duration-ms="15766" status="PASS">
          <reporter-output>
          </reporter-output>
        </test-method> <!-- SignIn -->
      </class> <!-- testlayerAMAZON.LogintestclassAMAZON -->
    </test> <!-- Default test -->
  </suite> <!-- Default suite -->
</testng-results>
